XXX
XXXX
XXXXX
XXXXXX
XXXXXXX
XXXXXXXX
********
*******
******
*****
****
***
  WWWWWWWWWW
 WWWWWWWWWWW
WWWWWWWWWWWW
    ZZZZ
   ZZZZZ
  ZZZZZZ
 ZZZZZZZ
ZZZZZZZZ
+++++++++++++++++++++++++
 ++++++++++++++++++++++++
  +++++++++++++++++++++++
   ++++++++++++++++++++++
    +++++++++++++++++++++
     ++++++++++++++++++++
      +++++++++++++++++++
       ++++++++++++++++++
        +++++++++++++++++
         ++++++++++++++++
          +++++++++++++++
           ++++++++++++++
            +++++++++++++
             ++++++++++++
              +++++++++++
               ++++++++++