@@@@@@@@@@@
@         @
@         @
@ ******* @
@ *     * @
@ *     * @
@ ******* @
@         @
@         @
@@@@@@@@@@@

@@@@@@@@@@
@        @
@  ****  @
@  *  *  @
@  *  *  @
@  *  *  @
@  *  *  @
@  *  *  @
@  ****  @
@        @
@@@@@@@@@@

@@@@@@@@@@@
@         @
@         @
@ ******* @
@ *     * @
@ *     * @
@ ******* @
@         @
@         @
@@@@@@@@@@@

@@@@@@@@@@
@        @
@  ****  @
@  *  *  @
@  *  *  @
@  *  *  @
@  *  *  @
@  *  *  @
@  ****  @
@        @
@@@@@@@@@@

@@@@@@@@@@@
@         @
@         @
@ ******* @
@ *     * @
@ *     * @
@ ******* @
@         @
@         @
@@@@@@@@@@@

*

#####
#####
## ##
#####
#####

!*-
)%_
@!-

DELONGTXAQ
FRZPMHYCSW
GTXAQJUVDE
HYCSWKIBFR
JUVDELONGT
KIBFRZPMHY
LONGTXAQJU
ZPMHYCSWKI
XAQJUVDELO
CSWKIBFRZP

XOX
XOX
XOX
