Completely Undetected.
Completely Undetected.
Completely Undetected.
Completely Undetected.
Completely Undetected.
Completely Undetected.
Completely Undetected.
Completely Undetected.
Completely Undetected.
Completely Undetected.
446
528
Completely Undetected.
354
387
151
220
210
199
169
108
70
134
96
110
86
74
45
62
52
41
Completely Undetected.
57
25
53
46
33
42
23
27
19
12
24
21
17
10
28
4
15
17
5
19
38
12
25
9
17
25
25
25
14
9
Completely Undetected.
10
17
19
4
10
1
3
3
3
4
17
12
4
5
Completely Undetected.
12
0
4
2
3
4
2
3
6
8
7
2
0
7
0
7
5
1
1
3
999
999
